<?xml version="1.0" encoding="UTF-8"?>
<testsuites>
  <testsuite name="CodeIgniter Application Test Suite" tests="27" assertions="41" errors="0" failures="0" skipped="0" time="5.638929">
    <testsuite name="Home_test" file="F:\xampp\htdocs\www\NerPage\application\tests\controllers\Home_test.php" tests="2" assertions="2" errors="0" failures="0" skipped="0" time="0.485565">
      <testcase name="test_webpageShownWhenUnlogged" class="Home_test" classname="Home_test" file="F:\xampp\htdocs\www\NerPage\application\tests\controllers\Home_test.php" line="3" assertions="1" time="0.177092"/>
      <testcase name="test_webpageShownWhenLogged" class="Home_test" classname="Home_test" file="F:\xampp\htdocs\www\NerPage\application\tests\controllers\Home_test.php" line="8" assertions="1" time="0.308473"/>
    </testsuite>
    <testsuite name="Registration_test" file="F:\xampp\htdocs\www\NerPage\application\tests\controllers\Registration_test.php" tests="8" assertions="15" errors="0" failures="0" skipped="0" time="2.582396">
      <testcase name="test_index" class="Registration_test" classname="Registration_test" file="F:\xampp\htdocs\www\NerPage\application\tests\controllers\Registration_test.php" line="38" assertions="1" time="0.293301"/>
      <testcase name="test_registerUserFromForm_WhenEverythingCorrect" class="Registration_test" classname="Registration_test" file="F:\xampp\htdocs\www\NerPage\application\tests\controllers\Registration_test.php" line="43" assertions="2" time="0.383225"/>
      <testcase name="test_registerUserFromForm_MissingUsername" class="Registration_test" classname="Registration_test" file="F:\xampp\htdocs\www\NerPage\application\tests\controllers\Registration_test.php" line="50" assertions="2" time="0.277865"/>
      <testcase name="test_registerUserFromForm_MissingPassword" class="Registration_test" classname="Registration_test" file="F:\xampp\htdocs\www\NerPage\application\tests\controllers\Registration_test.php" line="59" assertions="2" time="0.281449"/>
      <testcase name="test_registerUserFromForm_MissingEmail" class="Registration_test" classname="Registration_test" file="F:\xampp\htdocs\www\NerPage\application\tests\controllers\Registration_test.php" line="67" assertions="2" time="0.280759"/>
      <testcase name="test_registerUserFromForm_WhenEmailIsIncorrect" class="Registration_test" classname="Registration_test" file="F:\xampp\htdocs\www\NerPage\application\tests\controllers\Registration_test.php" line="75" assertions="2" time="0.282388"/>
      <testcase name="test_registerUserFromForm_WhenUsernameWasTaken" class="Registration_test" classname="Registration_test" file="F:\xampp\htdocs\www\NerPage\application\tests\controllers\Registration_test.php" line="82" assertions="2" time="0.388907"/>
      <testcase name="test_registerUserFromForm_WhenEmailWasTaken" class="Registration_test" classname="Registration_test" file="F:\xampp\htdocs\www\NerPage\application\tests\controllers\Registration_test.php" line="90" assertions="2" time="0.394502"/>
    </testsuite>
    <testsuite name="Signing_test" file="F:\xampp\htdocs\www\NerPage\application\tests\controllers\Signing_test.php" tests="4" assertions="4" errors="0" failures="0" skipped="0" time="1.354849">
      <testcase name="test_index" class="Signing_test" classname="Signing_test" file="F:\xampp\htdocs\www\NerPage\application\tests\controllers\Signing_test.php" line="37" assertions="1" time="0.292866"/>
      <testcase name="test_logByForm_ExistingUser" class="Signing_test" classname="Signing_test" file="F:\xampp\htdocs\www\NerPage\application\tests\controllers\Signing_test.php" line="42" assertions="1" time="0.374807"/>
      <testcase name="test_logByForm_NonExistingUsername" class="Signing_test" classname="Signing_test" file="F:\xampp\htdocs\www\NerPage\application\tests\controllers\Signing_test.php" line="47" assertions="1" time="0.310743"/>
      <testcase name="test_logByForm_PasswordIncorrect" class="Signing_test" classname="Signing_test" file="F:\xampp\htdocs\www\NerPage\application\tests\controllers\Signing_test.php" line="55" assertions="1" time="0.376433"/>
    </testsuite>
    <testsuite name="Welcome_test" file="F:\xampp\htdocs\www\NerPage\application\tests\controllers\Welcome_test.php" tests="3" assertions="3" errors="0" failures="0" skipped="0" time="0.316042">
      <testcase name="test_index" class="Welcome_test" classname="Welcome_test" file="F:\xampp\htdocs\www\NerPage\application\tests\controllers\Welcome_test.php" line="13" assertions="1" time="0.161649"/>
      <testcase name="test_method_404" class="Welcome_test" classname="Welcome_test" file="F:\xampp\htdocs\www\NerPage\application\tests\controllers\Welcome_test.php" line="19" assertions="1" time="0.153806"/>
      <testcase name="test_APPPATH" class="Welcome_test" classname="Welcome_test" file="F:\xampp\htdocs\www\NerPage\application\tests\controllers\Welcome_test.php" line="25" assertions="1" time="0.000587"/>
    </testsuite>
    <testsuite name="Chat_test" file="F:\xampp\htdocs\www\NerPage\application\tests\libraries\Chat_test.php" tests="5" assertions="7" errors="0" failures="0" skipped="0" time="0.300224">
      <testcase name="test_chatViewCorrectlyReturned" class="Chat_test" classname="Chat_test" file="F:\xampp\htdocs\www\NerPage\application\tests\libraries\Chat_test.php" line="38" assertions="1" time="0.045660"/>
      <testcase name="test_chatMessagesCorrectlyShown" class="Chat_test" classname="Chat_test" file="F:\xampp\htdocs\www\NerPage\application\tests\libraries\Chat_test.php" line="45" assertions="1" time="0.062847"/>
      <testcase name="test_sendingMessagesWorks" class="Chat_test" classname="Chat_test" file="F:\xampp\htdocs\www\NerPage\application\tests\libraries\Chat_test.php" line="52" assertions="2" time="0.088714"/>
      <testcase name="test_displayingTwoMessagesInsteadOfOne" class="Chat_test" classname="Chat_test" file="F:\xampp\htdocs\www\NerPage\application\tests\libraries\Chat_test.php" line="61" assertions="2" time="0.052627"/>
      <testcase name="test_ajaxMessagesReceiving" class="Chat_test" classname="Chat_test" file="F:\xampp\htdocs\www\NerPage\application\tests\libraries\Chat_test.php" line="69" assertions="1" time="0.050376"/>
    </testsuite>
    <testsuite name="HashedPassword_test" file="F:\xampp\htdocs\www\NerPage\application\tests\libraries\class\HashedPassword_test.php" tests="5" assertions="10" errors="0" failures="0" skipped="0" time="0.599853">
      <testcase name="test_correctPasswordHash" class="HashedPassword_test" classname="HashedPassword_test" file="F:\xampp\htdocs\www\NerPage\application\tests\libraries\class\HashedPassword_test.php" line="8" assertions="1" time="0.133565"/>
      <testcase name="test_CompareNormalPasswords" class="HashedPassword_test" classname="HashedPassword_test" file="F:\xampp\htdocs\www\NerPage\application\tests\libraries\class\HashedPassword_test.php" line="14" assertions="2" time="0.000523"/>
      <testcase name="test_compareNormalAndHashedPasswords" class="HashedPassword_test" classname="HashedPassword_test" file="F:\xampp\htdocs\www\NerPage\application\tests\libraries\class\HashedPassword_test.php" line="23" assertions="4" time="0.331751"/>
      <testcase name="test_hashedPasswordsAreEqual" class="HashedPassword_test" classname="HashedPassword_test" file="F:\xampp\htdocs\www\NerPage\application\tests\libraries\class\HashedPassword_test.php" line="35" assertions="2" time="0.000523"/>
      <testcase name="test_hashedPasswordEqualToString" class="HashedPassword_test" classname="HashedPassword_test" file="F:\xampp\htdocs\www\NerPage\application\tests\libraries\class\HashedPassword_test.php" line="43" assertions="1" time="0.133491"/>
    </testsuite>
  </testsuite>
</testsuites>
